<?xml version="1.0" encoding="UTF-8"?>
<!-- Generated by org.testng.reporters.JUnitReportReporter -->
<testsuite hostname="Surens-MBP.cust.communityfibre.co.uk" failures="0" tests="2" name="CrossBrowserExercution.LaunchApp_02" time="115.778" errors="0" timestamp="2024-03-20T11:29:54 GMT" skipped="0">
  <testcase classname="CrossBrowserExercution.LaunchApp_02" name="launch_app" time="60.573"/>
  <system-out/>
  <testcase classname="CrossBrowserExercution.LaunchApp_02" name="launch_app" time="55.205"/>
  <system-out/>
</testsuite> <!-- CrossBrowserExercution.LaunchApp_02 -->
