<?xml version="1.0" encoding="UTF-8"?>
<!-- Generated by org.testng.reporters.JUnitReportReporter -->
<testsuite hostname="Surens-MBP.cust.communityfibre.co.uk" failures="0" tests="5" name="DataProvider.DWS_Register" time="38.073" errors="0" timestamp="2024-03-22T11:21:51 GMT" skipped="0">
  <testcase classname="DataProvider.DWS_Register" name="DWS_Register" time="12.828"/>
  <system-out/>
  <testcase classname="DataProvider.DWS_Register" name="DWS_Register" time="5.543"/>
  <system-out/>
  <testcase classname="DataProvider.DWS_Register" name="DWS_Register" time="7.029"/>
  <system-out/>
  <testcase classname="DataProvider.DWS_Register" name="DWS_Register" time="5.544"/>
  <system-out/>
  <testcase classname="DataProvider.DWS_Register" name="DWS_Register" time="7.129"/>
  <system-out/>
</testsuite> <!-- DataProvider.DWS_Register -->
