<?xml version="1.0" encoding="UTF-8"?>
<!-- Generated by org.testng.reporters.JUnitReportReporter -->
<testsuite hostname="Surens-MBP.cust.communityfibre.co.uk" failures="0" tests="1" name="Scripts.ToLaunchApp_04" time="12.938" errors="0" timestamp="2024-03-19T11:20:41 GMT" skipped="0">
  <testcase classname="Scripts.ToLaunchApp_04" name="launch_app" time="12.938"/>
  <system-out/>
</testsuite> <!-- Scripts.ToLaunchApp_04 -->
