<?xml version="1.0" encoding="UTF-8"?>
<!-- Generated by org.testng.reporters.JUnitReportReporter -->
<testsuite hostname="Surens-MBP.cust.communityfibre.co.uk" failures="0" tests="2" name="CrossBrowserExercution.LaunchApp_07" time="126.591" errors="0" timestamp="2024-03-20T11:29:54 GMT" skipped="0">
  <testcase classname="CrossBrowserExercution.LaunchApp_07" name="launch_app" time="63.833"/>
  <system-out/>
  <testcase classname="CrossBrowserExercution.LaunchApp_07" name="launch_app" time="62.758"/>
  <system-out/>
</testsuite> <!-- CrossBrowserExercution.LaunchApp_07 -->
