<?xml version="1.0" encoding="UTF-8"?>
<!-- Generated by org.testng.reporters.JUnitReportReporter -->
<testsuite hostname="Surens-MacBook-Pro.local" failures="0" tests="2" name="Testing_concepts.ToWorkWithPriority" time="0.025" errors="0" timestamp="2024-03-18T10:56:19 GMT" skipped="0">
  <testcase classname="Testing_concepts.ToWorkWithPriority" name="demo_01" time="0.024"/>
  <system-out>
Hi testNG1 Hi testNG1  </system-out>
  <testcase classname="Testing_concepts.ToWorkWithPriority" name="demo_02" time="0.001"/>
  <system-out>
Hi testNG2 Hi testNG2  </system-out>
</testsuite> <!-- Testing_concepts.ToWorkWithPriority -->
