<?xml version="1.0" encoding="UTF-8"?>
<!-- Generated by org.testng.reporters.JUnitReportReporter -->
<testsuite hostname="Surens-MBP.cust.communityfibre.co.uk" failures="0" tests="2" name="CrossBrowserExercution.LaunchApp_03" time="111.904" errors="0" timestamp="2024-03-20T11:29:54 GMT" skipped="0">
  <testcase classname="CrossBrowserExercution.LaunchApp_03" name="launch_app" time="55.016"/>
  <system-out/>
  <testcase classname="CrossBrowserExercution.LaunchApp_03" name="launch_app" time="56.888"/>
  <system-out/>
</testsuite> <!-- CrossBrowserExercution.LaunchApp_03 -->
