<?xml version="1.0" encoding="UTF-8"?>
<!-- Generated by org.testng.reporters.JUnitReportReporter -->
<testsuite hostname="Surens-MBP.cust.communityfibre.co.uk" failures="0" tests="1" name="Scripts.ToLaunchApp_05" time="15.983" errors="0" timestamp="2024-03-19T11:20:41 GMT" skipped="0">
  <testcase classname="Scripts.ToLaunchApp_05" name="launch_app" time="15.983"/>
  <system-out/>
</testsuite> <!-- Scripts.ToLaunchApp_05 -->
